<?xml version="1.0" encoding="UTF-8"?>
<!-- Generated by org.testng.reporters.JUnitReportReporter -->
<testsuite hostname="maya-home" name="SampleTest" tests="2" failures="0" timestamp="26 May 2016 18:40:40 GMT" time="0.040" errors="0">
  <testcase name="testApp" time="0.036" classname="SampleTest"/>
  <testcase name="testLogin" time="0.004" classname="SampleTest"/>
</testsuite> <!-- SampleTest -->
