<?xml version="1.0" encoding="UTF-8"?>
<!-- Generated by org.testng.reporters.JUnitReportReporter -->
<testsuite hostname="maya-home" name="test.YahooTest" tests="2" failures="0" timestamp="26 May 2016 20:31:07 GMT" time="0.011" errors="0">
  <testcase name="testSendMail" time="0.003" classname="test.YahooTest"/>
  <testcase name="testRecieveMail" time="0.008" classname="test.YahooTest"/>
</testsuite> <!-- test.YahooTest -->
