<?xml version="1.0" encoding="UTF-8"?>
<!-- Generated by org.testng.reporters.JUnitReportReporter -->
<testsuite hostname="maya-home" name="test.YahooRegistrationTest" tests="3" failures="0" timestamp="26 May 2016 20:31:07 GMT" time="0.011" errors="0">
  <testcase name="testRegister" time="0.003" classname="test.YahooRegistrationTest"/>
  <testcase name="testRegister" time="0.004" classname="test.YahooRegistrationTest"/>
  <testcase name="testRegister" time="0.004" classname="test.YahooRegistrationTest"/>
</testsuite> <!-- test.YahooRegistrationTest -->
